<?xml version="1.0" encoding="UTF-8"?>
<TestRun id="1f474904-0e88-45c4-a8ff-a24766ef8c91" name="Toran@CORE2DUO 2010-08-09 20:12:23" runUser="core2duo\Toran" xmlns="http://microsoft.com/schemas/VisualStudio/TeamTest/2010">
  <TestSettings name="Local" id="f22839a5-96ad-4c4e-931c-a066f5829364">
    <Description>These are default test settings for a local test run.</Description>
    <Deployment enabled="false" runDeploymentRoot="Toran_CORE2DUO 2010-08-09 20_12_23">
      <DeploymentItem filename="C:\Users\Toran\Documents\Visual Studio 2010\Projects\TddWithFitnesse\TddWithFitnesse\bin\TddWithFitnesse.dll" />
    </Deployment>
    <Execution>
      <TestTypeSpecific />
      <AgentRule name="Execution Agents">
      </AgentRule>
    </Execution>
  </TestSettings>
  <Times creation="2010-08-09T20:12:23.1357925-05:00" queuing="2010-08-09T20:12:23.1637941-05:00" start="2010-08-09T20:12:23.1797950-05:00" finish="2010-08-09T20:12:23.5888184-05:00" />
  <ResultSummary outcome="Completed">
    <Counters total="3" executed="3" passed="3" error="0" failed="0" timeout="0" aborted="0" inconclusive="0" passedButRunAborted="0" notRunnable="0" notExecuted="0" disconnected="0" warning="0" completed="0" inProgress="0" pending="0" />
  </ResultSummary>
  <TestDefinitions>
    <UnitTest name="RetrievePostWithValidUri" storage="c:\users\toran\documents\visual studio 2010\projects\tddwithfitnesse\tddwithfitnesse.test\bin\debug\tddwithfitnesse.test.dll" id="cb98ea02-c30b-96d3-1aac-5980b064eca1">
      <Execution id="609396e2-cf01-4358-b69c-a685dddf7c88" />
      <TestMethod codeBase="C:/Users/Toran/Documents/Visual Studio 2010/Projects/TddWithFitnesse/TddWithFitnesse.Test/bin/Debug/TddWithFitnesse.Test.DLL" adapterTypeName="Microsoft.VisualStudio.TestTools.TestTypes.Unit.UnitTestAdapter, Microsoft.VisualStudio.QualityTools.Tips.UnitTest.Adapter, Version=10.0.0.0, Culture=neutral, PublicKeyToken=b03f5f7f11d50a3a" className="TddWithFitnesse.Test.RetrievePostControllerTest, TddWithFitnesse.Test, Version=1.0.0.0, Culture=neutral, PublicKeyToken=null" name="RetrievePostWithValidUri" />
    </UnitTest>
    <UnitTest name="ShouldCreateAndRetrievePost" storage="c:\users\toran\documents\visual studio 2010\projects\tddwithfitnesse\tddwithfitnesse.test\bin\debug\tddwithfitnesse.test.dll" id="ec9202a5-d30c-4b59-73bd-df98cce1f29d">
      <Execution id="968df7b4-9b64-4f3e-b793-24c0511285af" />
      <TestMethod codeBase="C:/Users/Toran/Documents/Visual Studio 2010/Projects/TddWithFitnesse/TddWithFitnesse.Test/bin/Debug/TddWithFitnesse.Test.DLL" adapterTypeName="Microsoft.VisualStudio.TestTools.TestTypes.Unit.UnitTestAdapter, Microsoft.VisualStudio.QualityTools.Tips.UnitTest.Adapter, Version=10.0.0.0, Culture=neutral, PublicKeyToken=b03f5f7f11d50a3a" className="TddWithFitnesse.Test.PostRepositoryTest, TddWithFitnesse.Test, Version=1.0.0.0, Culture=neutral, PublicKeyToken=null" name="ShouldCreateAndRetrievePost" />
    </UnitTest>
    <UnitTest name="CreatePostIsSuccessfulWithValidData" storage="c:\users\toran\documents\visual studio 2010\projects\tddwithfitnesse\tddwithfitnesse.test\bin\debug\tddwithfitnesse.test.dll" id="b0742137-1ce2-8da9-e496-7112edf018ab">
      <Execution id="91961eb3-5e7b-4ded-a91e-0d79c0cff432" />
      <TestMethod codeBase="C:/Users/Toran/Documents/Visual Studio 2010/Projects/TddWithFitnesse/TddWithFitnesse.Test/bin/Debug/TddWithFitnesse.Test.DLL" adapterTypeName="Microsoft.VisualStudio.TestTools.TestTypes.Unit.UnitTestAdapter, Microsoft.VisualStudio.QualityTools.Tips.UnitTest.Adapter, Version=10.0.0.0, Culture=neutral, PublicKeyToken=b03f5f7f11d50a3a" className="TddWithFitnesse.Test.CreatePostControllerTest, TddWithFitnesse.Test, Version=1.0.0.0, Culture=neutral, PublicKeyToken=null" name="CreatePostIsSuccessfulWithValidData" />
    </UnitTest>
  </TestDefinitions>
  <TestLists>
    <TestList name="Results Not in a List" id="8c84fa94-04c1-424b-9868-57a2d4851a1d" />
    <TestList name="All Loaded Results" id="19431567-8539-422a-85d7-44ee4e166bda" />
  </TestLists>
  <TestEntries>
    <TestEntry testId="b0742137-1ce2-8da9-e496-7112edf018ab" executionId="91961eb3-5e7b-4ded-a91e-0d79c0cff432" testListId="8c84fa94-04c1-424b-9868-57a2d4851a1d" />
    <TestEntry testId="cb98ea02-c30b-96d3-1aac-5980b064eca1" executionId="609396e2-cf01-4358-b69c-a685dddf7c88" testListId="8c84fa94-04c1-424b-9868-57a2d4851a1d" />
    <TestEntry testId="ec9202a5-d30c-4b59-73bd-df98cce1f29d" executionId="968df7b4-9b64-4f3e-b793-24c0511285af" testListId="8c84fa94-04c1-424b-9868-57a2d4851a1d" />
  </TestEntries>
  <Results>
    <UnitTestResult executionId="91961eb3-5e7b-4ded-a91e-0d79c0cff432" testId="b0742137-1ce2-8da9-e496-7112edf018ab" testName="CreatePostIsSuccessfulWithValidData" computerName="CORE2DUO" duration="00:00:00.0963173" startTime="2010-08-09T20:12:23.1877955-05:00" endTime="2010-08-09T20:12:23.4508105-05:00" testType="13cdc9d9-ddb5-4fa4-a97d-d965ccfc6d4b" outcome="Passed" testListId="8c84fa94-04c1-424b-9868-57a2d4851a1d" relativeResultsDirectory="91961eb3-5e7b-4ded-a91e-0d79c0cff432">
    </UnitTestResult>
    <UnitTestResult executionId="609396e2-cf01-4358-b69c-a685dddf7c88" testId="cb98ea02-c30b-96d3-1aac-5980b064eca1" testName="RetrievePostWithValidUri" computerName="CORE2DUO" duration="00:00:00.0064083" startTime="2010-08-09T20:12:23.4588110-05:00" endTime="2010-08-09T20:12:23.4698116-05:00" testType="13cdc9d9-ddb5-4fa4-a97d-d965ccfc6d4b" outcome="Passed" testListId="8c84fa94-04c1-424b-9868-57a2d4851a1d" relativeResultsDirectory="609396e2-cf01-4358-b69c-a685dddf7c88">
    </UnitTestResult>
    <UnitTestResult executionId="968df7b4-9b64-4f3e-b793-24c0511285af" testId="ec9202a5-d30c-4b59-73bd-df98cce1f29d" testName="ShouldCreateAndRetrievePost" computerName="CORE2DUO" duration="00:00:00.0054023" startTime="2010-08-09T20:12:23.5278149-05:00" endTime="2010-08-09T20:12:23.5448159-05:00" testType="13cdc9d9-ddb5-4fa4-a97d-d965ccfc6d4b" outcome="Passed" testListId="8c84fa94-04c1-424b-9868-57a2d4851a1d" relativeResultsDirectory="968df7b4-9b64-4f3e-b793-24c0511285af">
    </UnitTestResult>
  </Results>
</TestRun>