<?xml version="1.0" encoding="UTF-8"?>
<TestRun id="9b9a9229-95b3-42e8-ba0e-527683b07ecf" name="Toran@CORE2DUO 2010-08-13 15:04:19" runUser="core2duo\Toran" xmlns="http://microsoft.com/schemas/VisualStudio/TeamTest/2010">
  <TestSettings name="Local" id="f22839a5-96ad-4c4e-931c-a066f5829364">
    <Description>These are default test settings for a local test run.</Description>
    <Deployment enabled="false" runDeploymentRoot="Toran_CORE2DUO 2010-08-13 15_04_19">
      <DeploymentItem filename="C:\Users\Toran\Documents\Visual Studio 2010\Projects\TddWithFitnesse\dependencies\Moq.dll" />
      <DeploymentItem filename="C:\Users\Toran\Documents\Visual Studio 2010\Projects\TddWithFitnesse\TddWithFitnesse\bin\TddWithFitnesse.dll" />
    </Deployment>
    <Execution>
      <TestTypeSpecific />
      <AgentRule name="Execution Agents">
      </AgentRule>
    </Execution>
  </TestSettings>
  <Times creation="2010-08-13T15:04:19.5052266-05:00" queuing="2010-08-13T15:04:19.5132271-05:00" start="2010-08-13T15:04:19.5282280-05:00" finish="2010-08-13T15:04:19.8542466-05:00" />
  <ResultSummary outcome="Completed">
    <Counters total="1" executed="1" passed="1" error="0" failed="0" timeout="0" aborted="0" inconclusive="0" passedButRunAborted="0" notRunnable="0" notExecuted="0" disconnected="0" warning="0" completed="0" inProgress="0" pending="0" />
  </ResultSummary>
  <TestDefinitions>
    <UnitTest name="WhenPostIsNotFoundReturnNewPostToTheView" storage="c:\users\toran\documents\visual studio 2010\projects\tddwithfitnesse\tddwithfitnesse.test\bin\debug\tddwithfitnesse.test.dll" id="7c81ab67-fc58-6734-da9e-9ab5d4b54811">
      <Execution id="071ffab1-7a3b-437c-aedf-570cd2052dde" />
      <TestMethod codeBase="C:/Users/Toran/Documents/Visual Studio 2010/Projects/TddWithFitnesse/TddWithFitnesse.Test/bin/Debug/TddWithFitnesse.Test.DLL" adapterTypeName="Microsoft.VisualStudio.TestTools.TestTypes.Unit.UnitTestAdapter, Microsoft.VisualStudio.QualityTools.Tips.UnitTest.Adapter, Version=10.0.0.0, Culture=neutral, PublicKeyToken=b03f5f7f11d50a3a" className="TddWithFitnesse.Test.RetrievePostControllerTest, TddWithFitnesse.Test, Version=1.0.0.0, Culture=neutral, PublicKeyToken=null" name="WhenPostIsNotFoundReturnNewPostToTheView" />
    </UnitTest>
  </TestDefinitions>
  <TestLists>
    <TestList name="Results Not in a List" id="8c84fa94-04c1-424b-9868-57a2d4851a1d" />
    <TestList name="All Loaded Results" id="19431567-8539-422a-85d7-44ee4e166bda" />
  </TestLists>
  <TestEntries>
    <TestEntry testId="7c81ab67-fc58-6734-da9e-9ab5d4b54811" executionId="071ffab1-7a3b-437c-aedf-570cd2052dde" testListId="8c84fa94-04c1-424b-9868-57a2d4851a1d" />
  </TestEntries>
  <Results>
    <UnitTestResult executionId="071ffab1-7a3b-437c-aedf-570cd2052dde" testId="7c81ab67-fc58-6734-da9e-9ab5d4b54811" testName="WhenPostIsNotFoundReturnNewPostToTheView" computerName="CORE2DUO" duration="00:00:00.1232319" startTime="2010-08-13T15:04:19.5562296-05:00" endTime="2010-08-13T15:04:19.8412459-05:00" testType="13cdc9d9-ddb5-4fa4-a97d-d965ccfc6d4b" outcome="Passed" testListId="8c84fa94-04c1-424b-9868-57a2d4851a1d" relativeResultsDirectory="071ffab1-7a3b-437c-aedf-570cd2052dde">
    </UnitTestResult>
  </Results>
</TestRun>