<?xml version="1.0" encoding="UTF-8"?>
<TestRun id="223d5bfe-42eb-4301-b6f6-c4063d244f90" name="Toran@CORE2DUO 2010-08-13 15:18:22" runUser="core2duo\Toran" xmlns="http://microsoft.com/schemas/VisualStudio/TeamTest/2010">
  <TestSettings name="Local" id="f22839a5-96ad-4c4e-931c-a066f5829364">
    <Description>These are default test settings for a local test run.</Description>
    <Deployment enabled="false" runDeploymentRoot="Toran_CORE2DUO 2010-08-13 15_18_22">
      <DeploymentItem filename="C:\Users\Toran\Documents\Visual Studio 2010\Projects\TddWithFitnesse\dependencies\Moq.dll" />
      <DeploymentItem filename="C:\Users\Toran\Documents\Visual Studio 2010\Projects\TddWithFitnesse\TddWithFitnesse\bin\TddWithFitnesse.dll" />
    </Deployment>
    <Execution>
      <TestTypeSpecific />
      <AgentRule name="Execution Agents">
      </AgentRule>
    </Execution>
  </TestSettings>
  <Times creation="2010-08-13T15:18:22.7984603-05:00" queuing="2010-08-13T15:18:22.8294620-05:00" start="2010-08-13T15:18:22.8604638-05:00" finish="2010-08-13T15:18:23.4464973-05:00" />
  <ResultSummary outcome="Completed">
    <Counters total="6" executed="6" passed="6" error="0" failed="0" timeout="0" aborted="0" inconclusive="0" passedButRunAborted="0" notRunnable="0" notExecuted="0" disconnected="0" warning="0" completed="0" inProgress="0" pending="0" />
  </ResultSummary>
  <TestDefinitions>
    <UnitTest name="ShouldCreateAndRetrievePost" storage="c:\users\toran\documents\visual studio 2010\projects\tddwithfitnesse\tddwithfitnesse.test\bin\debug\tddwithfitnesse.test.dll" id="ec9202a5-d30c-4b59-73bd-df98cce1f29d">
      <Execution id="b5d4f891-d820-4cb9-af42-47600c8dca8a" />
      <TestMethod codeBase="C:/Users/Toran/Documents/Visual Studio 2010/Projects/TddWithFitnesse/TddWithFitnesse.Test/bin/Debug/TddWithFitnesse.Test.DLL" adapterTypeName="Microsoft.VisualStudio.TestTools.TestTypes.Unit.UnitTestAdapter, Microsoft.VisualStudio.QualityTools.Tips.UnitTest.Adapter, Version=10.0.0.0, Culture=neutral, PublicKeyToken=b03f5f7f11d50a3a" className="TddWithFitnesse.Test.PostRepositoryTest, TddWithFitnesse.Test, Version=1.0.0.0, Culture=neutral, PublicKeyToken=null" name="ShouldCreateAndRetrievePost" />
    </UnitTest>
    <UnitTest name="CreatePostThrowsExceptionWithInValidData" storage="c:\users\toran\documents\visual studio 2010\projects\tddwithfitnesse\tddwithfitnesse.test\bin\debug\tddwithfitnesse.test.dll" id="448bac30-5dea-860e-9087-7373c77a3339">
      <Execution id="c69b71a7-ea94-4c39-8081-4d4fc41a495c" />
      <TestMethod codeBase="C:/Users/Toran/Documents/Visual Studio 2010/Projects/TddWithFitnesse/TddWithFitnesse.Test/bin/Debug/TddWithFitnesse.Test.DLL" adapterTypeName="Microsoft.VisualStudio.TestTools.TestTypes.Unit.UnitTestAdapter, Microsoft.VisualStudio.QualityTools.Tips.UnitTest.Adapter, Version=10.0.0.0, Culture=neutral, PublicKeyToken=b03f5f7f11d50a3a" className="TddWithFitnesse.Test.CreatePostControllerTest, TddWithFitnesse.Test, Version=1.0.0.0, Culture=neutral, PublicKeyToken=null" name="CreatePostThrowsExceptionWithInValidData" />
    </UnitTest>
    <UnitTest name="CreatePostIsSuccessfulWithValidData" storage="c:\users\toran\documents\visual studio 2010\projects\tddwithfitnesse\tddwithfitnesse.test\bin\debug\tddwithfitnesse.test.dll" id="b0742137-1ce2-8da9-e496-7112edf018ab">
      <Execution id="e7586945-3ded-461e-8537-fdb027237c5b" />
      <TestMethod codeBase="C:/Users/Toran/Documents/Visual Studio 2010/Projects/TddWithFitnesse/TddWithFitnesse.Test/bin/Debug/TddWithFitnesse.Test.DLL" adapterTypeName="Microsoft.VisualStudio.TestTools.TestTypes.Unit.UnitTestAdapter, Microsoft.VisualStudio.QualityTools.Tips.UnitTest.Adapter, Version=10.0.0.0, Culture=neutral, PublicKeyToken=b03f5f7f11d50a3a" className="TddWithFitnesse.Test.CreatePostControllerTest, TddWithFitnesse.Test, Version=1.0.0.0, Culture=neutral, PublicKeyToken=null" name="CreatePostIsSuccessfulWithValidData" />
    </UnitTest>
    <UnitTest name="WhenUriParamIsNullOrEmptyThrowException" storage="c:\users\toran\documents\visual studio 2010\projects\tddwithfitnesse\tddwithfitnesse.test\bin\debug\tddwithfitnesse.test.dll" id="e79674af-c137-087a-3e81-fe27b16e5220">
      <Execution id="faa54ae1-53cf-41c3-9af9-7e9bae1500b5" />
      <TestMethod codeBase="C:/Users/Toran/Documents/Visual Studio 2010/Projects/TddWithFitnesse/TddWithFitnesse.Test/bin/Debug/TddWithFitnesse.Test.DLL" adapterTypeName="Microsoft.VisualStudio.TestTools.TestTypes.Unit.UnitTestAdapter, Microsoft.VisualStudio.QualityTools.Tips.UnitTest.Adapter, Version=10.0.0.0, Culture=neutral, PublicKeyToken=b03f5f7f11d50a3a" className="TddWithFitnesse.Test.RetrievePostControllerTest, TddWithFitnesse.Test, Version=1.0.0.0, Culture=neutral, PublicKeyToken=null" name="WhenUriParamIsNullOrEmptyThrowException" />
    </UnitTest>
    <UnitTest name="RetrievePostWithValidUri" storage="c:\users\toran\documents\visual studio 2010\projects\tddwithfitnesse\tddwithfitnesse.test\bin\debug\tddwithfitnesse.test.dll" id="cb98ea02-c30b-96d3-1aac-5980b064eca1">
      <Execution id="00162559-a423-441f-98f8-7552d3db0dd1" />
      <TestMethod codeBase="C:/Users/Toran/Documents/Visual Studio 2010/Projects/TddWithFitnesse/TddWithFitnesse.Test/bin/Debug/TddWithFitnesse.Test.DLL" adapterTypeName="Microsoft.VisualStudio.TestTools.TestTypes.Unit.UnitTestAdapter, Microsoft.VisualStudio.QualityTools.Tips.UnitTest.Adapter, Version=10.0.0.0, Culture=neutral, PublicKeyToken=b03f5f7f11d50a3a" className="TddWithFitnesse.Test.RetrievePostControllerTest, TddWithFitnesse.Test, Version=1.0.0.0, Culture=neutral, PublicKeyToken=null" name="RetrievePostWithValidUri" />
    </UnitTest>
    <UnitTest name="WhenPostIsNotFoundReturnNewPost" storage="c:\users\toran\documents\visual studio 2010\projects\tddwithfitnesse\tddwithfitnesse.test\bin\debug\tddwithfitnesse.test.dll" id="875e11c0-5e38-0e78-e1b7-b4db4ee4d661">
      <Execution id="8fa6d9f1-1d2b-4e7d-ae6a-16e0abc98a4a" />
      <TestMethod codeBase="C:/Users/Toran/Documents/Visual Studio 2010/Projects/TddWithFitnesse/TddWithFitnesse.Test/bin/Debug/TddWithFitnesse.Test.DLL" adapterTypeName="Microsoft.VisualStudio.TestTools.TestTypes.Unit.UnitTestAdapter, Microsoft.VisualStudio.QualityTools.Tips.UnitTest.Adapter, Version=10.0.0.0, Culture=neutral, PublicKeyToken=b03f5f7f11d50a3a" className="TddWithFitnesse.Test.RetrievePostControllerTest, TddWithFitnesse.Test, Version=1.0.0.0, Culture=neutral, PublicKeyToken=null" name="WhenPostIsNotFoundReturnNewPost" />
    </UnitTest>
  </TestDefinitions>
  <TestLists>
    <TestList name="Results Not in a List" id="8c84fa94-04c1-424b-9868-57a2d4851a1d" />
    <TestList name="All Loaded Results" id="19431567-8539-422a-85d7-44ee4e166bda" />
  </TestLists>
  <TestEntries>
    <TestEntry testId="448bac30-5dea-860e-9087-7373c77a3339" executionId="c69b71a7-ea94-4c39-8081-4d4fc41a495c" testListId="8c84fa94-04c1-424b-9868-57a2d4851a1d" />
    <TestEntry testId="875e11c0-5e38-0e78-e1b7-b4db4ee4d661" executionId="8fa6d9f1-1d2b-4e7d-ae6a-16e0abc98a4a" testListId="8c84fa94-04c1-424b-9868-57a2d4851a1d" />
    <TestEntry testId="b0742137-1ce2-8da9-e496-7112edf018ab" executionId="e7586945-3ded-461e-8537-fdb027237c5b" testListId="8c84fa94-04c1-424b-9868-57a2d4851a1d" />
    <TestEntry testId="cb98ea02-c30b-96d3-1aac-5980b064eca1" executionId="00162559-a423-441f-98f8-7552d3db0dd1" testListId="8c84fa94-04c1-424b-9868-57a2d4851a1d" />
    <TestEntry testId="e79674af-c137-087a-3e81-fe27b16e5220" executionId="faa54ae1-53cf-41c3-9af9-7e9bae1500b5" testListId="8c84fa94-04c1-424b-9868-57a2d4851a1d" />
    <TestEntry testId="ec9202a5-d30c-4b59-73bd-df98cce1f29d" executionId="b5d4f891-d820-4cb9-af42-47600c8dca8a" testListId="8c84fa94-04c1-424b-9868-57a2d4851a1d" />
  </TestEntries>
  <Results>
    <UnitTestResult executionId="c69b71a7-ea94-4c39-8081-4d4fc41a495c" testId="448bac30-5dea-860e-9087-7373c77a3339" testName="CreatePostThrowsExceptionWithInValidData" computerName="CORE2DUO" duration="00:00:00.1001338" startTime="2010-08-13T15:18:22.8644640-05:00" endTime="2010-08-13T15:18:23.2004833-05:00" testType="13cdc9d9-ddb5-4fa4-a97d-d965ccfc6d4b" outcome="Passed" testListId="8c84fa94-04c1-424b-9868-57a2d4851a1d" relativeResultsDirectory="c69b71a7-ea94-4c39-8081-4d4fc41a495c">
    </UnitTestResult>
    <UnitTestResult executionId="8fa6d9f1-1d2b-4e7d-ae6a-16e0abc98a4a" testId="875e11c0-5e38-0e78-e1b7-b4db4ee4d661" testName="WhenPostIsNotFoundReturnNewPost" computerName="CORE2DUO" duration="00:00:00.0322847" startTime="2010-08-13T15:18:23.2024834-05:00" endTime="2010-08-13T15:18:23.2794878-05:00" testType="13cdc9d9-ddb5-4fa4-a97d-d965ccfc6d4b" outcome="Passed" testListId="8c84fa94-04c1-424b-9868-57a2d4851a1d" relativeResultsDirectory="8fa6d9f1-1d2b-4e7d-ae6a-16e0abc98a4a">
    </UnitTestResult>
    <UnitTestResult executionId="e7586945-3ded-461e-8537-fdb027237c5b" testId="b0742137-1ce2-8da9-e496-7112edf018ab" testName="CreatePostIsSuccessfulWithValidData" computerName="CORE2DUO" duration="00:00:00.0087000" startTime="2010-08-13T15:18:23.2804878-05:00" endTime="2010-08-13T15:18:23.2934886-05:00" testType="13cdc9d9-ddb5-4fa4-a97d-d965ccfc6d4b" outcome="Passed" testListId="8c84fa94-04c1-424b-9868-57a2d4851a1d" relativeResultsDirectory="e7586945-3ded-461e-8537-fdb027237c5b">
    </UnitTestResult>
    <UnitTestResult executionId="00162559-a423-441f-98f8-7552d3db0dd1" testId="cb98ea02-c30b-96d3-1aac-5980b064eca1" testName="RetrievePostWithValidUri" computerName="CORE2DUO" duration="00:00:00.0051235" startTime="2010-08-13T15:18:23.3004890-05:00" endTime="2010-08-13T15:18:23.3154898-05:00" testType="13cdc9d9-ddb5-4fa4-a97d-d965ccfc6d4b" outcome="Passed" testListId="8c84fa94-04c1-424b-9868-57a2d4851a1d" relativeResultsDirectory="00162559-a423-441f-98f8-7552d3db0dd1">
    </UnitTestResult>
    <UnitTestResult executionId="faa54ae1-53cf-41c3-9af9-7e9bae1500b5" testId="e79674af-c137-087a-3e81-fe27b16e5220" testName="WhenUriParamIsNullOrEmptyThrowException" computerName="CORE2DUO" duration="00:00:00.0043948" startTime="2010-08-13T15:18:23.3224902-05:00" endTime="2010-08-13T15:18:23.3454915-05:00" testType="13cdc9d9-ddb5-4fa4-a97d-d965ccfc6d4b" outcome="Passed" testListId="8c84fa94-04c1-424b-9868-57a2d4851a1d" relativeResultsDirectory="faa54ae1-53cf-41c3-9af9-7e9bae1500b5">
    </UnitTestResult>
    <UnitTestResult executionId="b5d4f891-d820-4cb9-af42-47600c8dca8a" testId="ec9202a5-d30c-4b59-73bd-df98cce1f29d" testName="ShouldCreateAndRetrievePost" computerName="CORE2DUO" duration="00:00:00.0253317" startTime="2010-08-13T15:18:23.3474917-05:00" endTime="2010-08-13T15:18:23.3754933-05:00" testType="13cdc9d9-ddb5-4fa4-a97d-d965ccfc6d4b" outcome="Passed" testListId="8c84fa94-04c1-424b-9868-57a2d4851a1d" relativeResultsDirectory="b5d4f891-d820-4cb9-af42-47600c8dca8a">
    </UnitTestResult>
  </Results>
</TestRun>