<?xml version="1.0" encoding="UTF-8"?>
<TestRun id="89c7ede7-8013-4a16-9299-aeda4894451e" name="Toran@CORE2DUO 2010-08-03 18:51:07" runUser="core2duo\Toran" xmlns="http://microsoft.com/schemas/VisualStudio/TeamTest/2010">
  <TestSettings name="Local" id="f22839a5-96ad-4c4e-931c-a066f5829364">
    <Description>These are default test settings for a local test run.</Description>
    <Deployment enabled="false" runDeploymentRoot="Toran_CORE2DUO 2010-08-03 18_51_07">
      <DeploymentItem filename="C:\Users\Toran\Documents\Visual Studio 2010\Projects\TddWithFitnesse\TddWithFitnesse\bin\TddWithFitnesse.dll" />
    </Deployment>
    <Execution>
      <TestTypeSpecific />
      <AgentRule name="Execution Agents">
      </AgentRule>
    </Execution>
  </TestSettings>
  <Times creation="2010-08-03T18:51:07.4768120-05:00" queuing="2010-08-03T18:51:07.4848125-05:00" start="2010-08-03T18:51:07.4938130-05:00" finish="2010-08-03T18:51:09.2849155-05:00" />
  <ResultSummary outcome="Failed">
    <Counters total="1" executed="1" error="0" failed="1" timeout="0" aborted="0" inconclusive="0" passedButRunAborted="0" notRunnable="0" notExecuted="0" disconnected="0" warning="0" passed="0" completed="0" inProgress="0" pending="0" />
  </ResultSummary>
  <TestDefinitions>
    <UnitTest name="CreatePostIsNotSuccessfulWithInvalidData" storage="c:\users\toran\documents\visual studio 2010\projects\tddwithfitnesse\tddwithfitnesse.test\bin\debug\tddwithfitnesse.test.dll" id="69f94768-dbdd-ddda-24b3-23e4b25bd07d">
      <Execution id="ff0822aa-8962-481f-bd15-6ea6f12f5e41" />
      <TestMethod codeBase="C:/Users/Toran/Documents/Visual Studio 2010/Projects/TddWithFitnesse/TddWithFitnesse.Test/bin/Debug/TddWithFitnesse.Test.DLL" adapterTypeName="Microsoft.VisualStudio.TestTools.TestTypes.Unit.UnitTestAdapter, Microsoft.VisualStudio.QualityTools.Tips.UnitTest.Adapter, Version=10.0.0.0, Culture=neutral, PublicKeyToken=b03f5f7f11d50a3a" className="TddWithFitnesse.Test.CreatePostControllerTest, TddWithFitnesse.Test, Version=1.0.0.0, Culture=neutral, PublicKeyToken=null" name="CreatePostIsNotSuccessfulWithInvalidData" />
    </UnitTest>
  </TestDefinitions>
  <TestLists>
    <TestList name="Results Not in a List" id="8c84fa94-04c1-424b-9868-57a2d4851a1d" />
    <TestList name="All Loaded Results" id="19431567-8539-422a-85d7-44ee4e166bda" />
  </TestLists>
  <TestEntries>
    <TestEntry testId="69f94768-dbdd-ddda-24b3-23e4b25bd07d" executionId="ff0822aa-8962-481f-bd15-6ea6f12f5e41" testListId="8c84fa94-04c1-424b-9868-57a2d4851a1d" />
  </TestEntries>
  <Results>
    <UnitTestResult executionId="ff0822aa-8962-481f-bd15-6ea6f12f5e41" testId="69f94768-dbdd-ddda-24b3-23e4b25bd07d" testName="CreatePostIsNotSuccessfulWithInvalidData" computerName="CORE2DUO" duration="00:00:00.0564916" startTime="2010-08-03T18:51:07.5208146-05:00" endTime="2010-08-03T18:51:07.7728290-05:00" testType="13cdc9d9-ddb5-4fa4-a97d-d965ccfc6d4b" outcome="Failed" testListId="8c84fa94-04c1-424b-9868-57a2d4851a1d" relativeResultsDirectory="ff0822aa-8962-481f-bd15-6ea6f12f5e41">
      <Output>
        <ErrorInfo>
          <Message>Test method TddWithFitnesse.Test.CreatePostControllerTest.CreatePostIsNotSuccessfulWithInvalidData threw exception: 
System.Data.SqlClient.SqlException: The parameterized query '(@PostID int output,@title varchar(8000),@content varchar(8000),' expects the parameter '@title', which was not supplied.</Message>
          <StackTrace>    at System.Data.SqlClient.SqlConnection.OnError(SqlException exception, Boolean breakConnection)
   at System.Data.SqlClient.SqlInternalConnection.OnError(SqlException exception, Boolean breakConnection)
   at System.Data.SqlClient.TdsParser.ThrowExceptionAndWarning()
   at System.Data.SqlClient.TdsParser.Run(RunBehavior runBehavior, SqlCommand cmdHandler, SqlDataReader dataStream, BulkCopySimpleResultSet bulkCopyHandler, TdsParserStateObject stateObj)
   at System.Data.SqlClient.SqlCommand.FinishExecuteReader(SqlDataReader ds, RunBehavior runBehavior, String resetOptionsString)
   at System.Data.SqlClient.SqlCommand.RunExecuteReaderTds(CommandBehavior cmdBehavior, RunBehavior runBehavior, Boolean returnStream, Boolean async)
   at System.Data.SqlClient.SqlCommand.RunExecuteReader(CommandBehavior cmdBehavior, RunBehavior runBehavior, Boolean returnStream, String method, DbAsyncResult result)
   at System.Data.SqlClient.SqlCommand.InternalExecuteNonQuery(DbAsyncResult result, String methodName, Boolean sendToPipe)
   at System.Data.SqlClient.SqlCommand.ExecuteNonQuery()
   at TddWithFitnesse.Repository.PostRepository.InsertPost(Post post) in C:\Users\Toran\Documents\Visual Studio 2010\Projects\TddWithFitnesse\TddWithFitnesse\Repository\PostRepository.cs:line 27
   at TddWithFitnesse.Controllers.PostController.CreatePost(Post post) in C:\Users\Toran\Documents\Visual Studio 2010\Projects\TddWithFitnesse\TddWithFitnesse\Controllers\PostController.cs:line 28
   at TddWithFitnesse.Test.CreatePostControllerTest.CreatePostIsNotSuccessfulWithInvalidData() in C:\Users\Toran\Documents\Visual Studio 2010\Projects\TddWithFitnesse\TddWithFitnesse.Test\CreatePostControllerTest.cs:line 34
</StackTrace>
        </ErrorInfo>
      </Output>
    </UnitTestResult>
  </Results>
</TestRun>