<?xml version="1.0" encoding="UTF-8"?>
<TestRun id="6f49a1a2-374b-49eb-8d9a-6a5dc8d5785d" name="Toran@CORE2DUO 2010-08-03 18:50:22" runUser="core2duo\Toran" xmlns="http://microsoft.com/schemas/VisualStudio/TeamTest/2010">
  <TestSettings name="Local" id="f22839a5-96ad-4c4e-931c-a066f5829364">
    <Description>These are default test settings for a local test run.</Description>
    <Deployment enabled="false" runDeploymentRoot="Toran_CORE2DUO 2010-08-03 18_50_22">
      <DeploymentItem filename="C:\Users\Toran\Documents\Visual Studio 2010\Projects\TddWithFitnesse\TddWithFitnesse\bin\TddWithFitnesse.dll" />
    </Deployment>
    <Execution>
      <TestTypeSpecific />
      <AgentRule name="Execution Agents">
      </AgentRule>
    </Execution>
  </TestSettings>
  <Times creation="2010-08-03T18:50:22.2602258-05:00" queuing="2010-08-03T18:50:22.2692263-05:00" start="2010-08-03T18:50:22.2822271-05:00" finish="2010-08-03T18:50:22.5082400-05:00" />
  <ResultSummary outcome="Failed">
    <Counters total="1" executed="1" error="0" failed="1" timeout="0" aborted="0" inconclusive="0" passedButRunAborted="0" notRunnable="0" notExecuted="0" disconnected="0" warning="0" passed="0" completed="0" inProgress="0" pending="0" />
  </ResultSummary>
  <TestDefinitions>
    <UnitTest name="CreatePostIsNotSuccessfulWithInvalidData" storage="c:\users\toran\documents\visual studio 2010\projects\tddwithfitnesse\tddwithfitnesse.test\bin\debug\tddwithfitnesse.test.dll" id="69f94768-dbdd-ddda-24b3-23e4b25bd07d">
      <Execution id="421de348-f635-4e90-a416-be08610082ed" />
      <TestMethod codeBase="C:/Users/Toran/Documents/Visual Studio 2010/Projects/TddWithFitnesse/TddWithFitnesse.Test/bin/Debug/TddWithFitnesse.Test.DLL" adapterTypeName="Microsoft.VisualStudio.TestTools.TestTypes.Unit.UnitTestAdapter, Microsoft.VisualStudio.QualityTools.Tips.UnitTest.Adapter, Version=10.0.0.0, Culture=neutral, PublicKeyToken=b03f5f7f11d50a3a" className="TddWithFitnesse.Test.CreatePostControllerTest, TddWithFitnesse.Test, Version=1.0.0.0, Culture=neutral, PublicKeyToken=null" name="CreatePostIsNotSuccessfulWithInvalidData" />
    </UnitTest>
  </TestDefinitions>
  <TestLists>
    <TestList name="Results Not in a List" id="8c84fa94-04c1-424b-9868-57a2d4851a1d" />
    <TestList name="All Loaded Results" id="19431567-8539-422a-85d7-44ee4e166bda" />
  </TestLists>
  <TestEntries>
    <TestEntry testId="69f94768-dbdd-ddda-24b3-23e4b25bd07d" executionId="421de348-f635-4e90-a416-be08610082ed" testListId="8c84fa94-04c1-424b-9868-57a2d4851a1d" />
  </TestEntries>
  <Results>
    <UnitTestResult executionId="421de348-f635-4e90-a416-be08610082ed" testId="69f94768-dbdd-ddda-24b3-23e4b25bd07d" testName="CreatePostIsNotSuccessfulWithInvalidData" computerName="CORE2DUO" duration="00:00:00.0395587" startTime="2010-08-03T18:50:22.2952278-05:00" endTime="2010-08-03T18:50:22.4932391-05:00" testType="13cdc9d9-ddb5-4fa4-a97d-d965ccfc6d4b" outcome="Failed" testListId="8c84fa94-04c1-424b-9868-57a2d4851a1d" relativeResultsDirectory="421de348-f635-4e90-a416-be08610082ed">
      <Output>
        <ErrorInfo>
          <Message>Test method TddWithFitnesse.Test.CreatePostControllerTest.CreatePostIsNotSuccessfulWithInvalidData threw exception: 
System.NullReferenceException: Object reference not set to an instance of an object.</Message>
          <StackTrace>    at TddWithFitnesse.Repository.PostRepository.AddParameterValuesForInsert(SqlCommand cmd, Post post) in C:\Users\Toran\Documents\Visual Studio 2010\Projects\TddWithFitnesse\TddWithFitnesse\Repository\PostRepository.cs:line 44
   at TddWithFitnesse.Repository.PostRepository.InsertPost(Post post) in C:\Users\Toran\Documents\Visual Studio 2010\Projects\TddWithFitnesse\TddWithFitnesse\Repository\PostRepository.cs:line 22
   at TddWithFitnesse.Controllers.PostController.CreatePost(Post post) in C:\Users\Toran\Documents\Visual Studio 2010\Projects\TddWithFitnesse\TddWithFitnesse\Controllers\PostController.cs:line 28
   at TddWithFitnesse.Test.CreatePostControllerTest.CreatePostIsNotSuccessfulWithInvalidData() in C:\Users\Toran\Documents\Visual Studio 2010\Projects\TddWithFitnesse\TddWithFitnesse.Test\CreatePostControllerTest.cs:line 34
</StackTrace>
        </ErrorInfo>
      </Output>
    </UnitTestResult>
  </Results>
</TestRun>