<?xml version="1.0" encoding="UTF-8"?>
<TestRun id="a6a0c39f-62b0-4851-9d8e-e76fcab70ac7" name="Toran@CORE2DUO 2010-08-13 15:30:49" runUser="core2duo\Toran" xmlns="http://microsoft.com/schemas/VisualStudio/TeamTest/2010">
  <TestSettings name="Local" id="f22839a5-96ad-4c4e-931c-a066f5829364">
    <Description>These are default test settings for a local test run.</Description>
    <Deployment enabled="false" runDeploymentRoot="Toran_CORE2DUO 2010-08-13 15_30_49">
      <DeploymentItem filename="C:\Users\Toran\Documents\Visual Studio 2010\Projects\TddWithFitnesse\dependencies\Moq.dll" />
      <DeploymentItem filename="C:\Users\Toran\Documents\Visual Studio 2010\Projects\TddWithFitnesse\TddWithFitnesse\bin\TddWithFitnesse.dll" />
    </Deployment>
    <Execution>
      <TestTypeSpecific />
      <AgentRule name="Execution Agents">
      </AgentRule>
    </Execution>
  </TestSettings>
  <Times creation="2010-08-13T15:30:49.6132749-05:00" queuing="2010-08-13T15:30:49.6532772-05:00" start="2010-08-13T15:30:49.6602776-05:00" finish="2010-08-13T15:30:50.1993084-05:00" />
  <ResultSummary outcome="Completed">
    <Counters total="4" executed="4" passed="4" error="0" failed="0" timeout="0" aborted="0" inconclusive="0" passedButRunAborted="0" notRunnable="0" notExecuted="0" disconnected="0" warning="0" completed="0" inProgress="0" pending="0" />
  </ResultSummary>
  <TestDefinitions>
    <UnitTest name="RetrievePostWithValidUri" storage="c:\users\toran\documents\visual studio 2010\projects\tddwithfitnesse\tddwithfitnesse.test\bin\debug\tddwithfitnesse.test.dll" id="cb98ea02-c30b-96d3-1aac-5980b064eca1">
      <Execution id="20928dda-987b-4dad-a378-7b4941e6e907" />
      <TestMethod codeBase="C:/Users/Toran/Documents/Visual Studio 2010/Projects/TddWithFitnesse/TddWithFitnesse.Test/bin/Debug/TddWithFitnesse.Test.DLL" adapterTypeName="Microsoft.VisualStudio.TestTools.TestTypes.Unit.UnitTestAdapter, Microsoft.VisualStudio.QualityTools.Tips.UnitTest.Adapter, Version=10.0.0.0, Culture=neutral, PublicKeyToken=b03f5f7f11d50a3a" className="TddWithFitnesse.Test.RetrievePostControllerTest, TddWithFitnesse.Test, Version=1.0.0.0, Culture=neutral, PublicKeyToken=null" name="RetrievePostWithValidUri" />
    </UnitTest>
    <UnitTest name="WhenPostParamIsNullThrowException" storage="c:\users\toran\documents\visual studio 2010\projects\tddwithfitnesse\tddwithfitnesse.test\bin\debug\tddwithfitnesse.test.dll" id="429b76a6-6b33-4b95-29be-4a1eda9958da">
      <Execution id="9d2f50b0-1821-4893-a081-8f073cb60b5f" />
      <TestMethod codeBase="C:/Users/Toran/Documents/Visual Studio 2010/Projects/TddWithFitnesse/TddWithFitnesse.Test/bin/Debug/TddWithFitnesse.Test.DLL" adapterTypeName="Microsoft.VisualStudio.TestTools.TestTypes.Unit.UnitTestAdapter, Microsoft.VisualStudio.QualityTools.Tips.UnitTest.Adapter, Version=10.0.0.0, Culture=neutral, PublicKeyToken=b03f5f7f11d50a3a" className="TddWithFitnesse.Test.CreatePostControllerTest, TddWithFitnesse.Test, Version=1.0.0.0, Culture=neutral, PublicKeyToken=null" name="WhenPostParamIsNullThrowException" />
    </UnitTest>
    <UnitTest name="ShouldCreateAndRetrievePost" storage="c:\users\toran\documents\visual studio 2010\projects\tddwithfitnesse\tddwithfitnesse.test\bin\debug\tddwithfitnesse.test.dll" id="ec9202a5-d30c-4b59-73bd-df98cce1f29d">
      <Execution id="87627b53-89a4-4716-83e4-941741e6a763" />
      <TestMethod codeBase="C:/Users/Toran/Documents/Visual Studio 2010/Projects/TddWithFitnesse/TddWithFitnesse.Test/bin/Debug/TddWithFitnesse.Test.DLL" adapterTypeName="Microsoft.VisualStudio.TestTools.TestTypes.Unit.UnitTestAdapter, Microsoft.VisualStudio.QualityTools.Tips.UnitTest.Adapter, Version=10.0.0.0, Culture=neutral, PublicKeyToken=b03f5f7f11d50a3a" className="TddWithFitnesse.Test.PostRepositoryTest, TddWithFitnesse.Test, Version=1.0.0.0, Culture=neutral, PublicKeyToken=null" name="ShouldCreateAndRetrievePost" />
    </UnitTest>
    <UnitTest name="CreatePostIsSuccessfulWithValidData" storage="c:\users\toran\documents\visual studio 2010\projects\tddwithfitnesse\tddwithfitnesse.test\bin\debug\tddwithfitnesse.test.dll" id="b0742137-1ce2-8da9-e496-7112edf018ab">
      <Execution id="5e007504-20e7-4837-bc30-0353ea0b2989" />
      <TestMethod codeBase="C:/Users/Toran/Documents/Visual Studio 2010/Projects/TddWithFitnesse/TddWithFitnesse.Test/bin/Debug/TddWithFitnesse.Test.DLL" adapterTypeName="Microsoft.VisualStudio.TestTools.TestTypes.Unit.UnitTestAdapter, Microsoft.VisualStudio.QualityTools.Tips.UnitTest.Adapter, Version=10.0.0.0, Culture=neutral, PublicKeyToken=b03f5f7f11d50a3a" className="TddWithFitnesse.Test.CreatePostControllerTest, TddWithFitnesse.Test, Version=1.0.0.0, Culture=neutral, PublicKeyToken=null" name="CreatePostIsSuccessfulWithValidData" />
    </UnitTest>
  </TestDefinitions>
  <TestLists>
    <TestList name="Results Not in a List" id="8c84fa94-04c1-424b-9868-57a2d4851a1d" />
    <TestList name="All Loaded Results" id="19431567-8539-422a-85d7-44ee4e166bda" />
  </TestLists>
  <TestEntries>
    <TestEntry testId="429b76a6-6b33-4b95-29be-4a1eda9958da" executionId="9d2f50b0-1821-4893-a081-8f073cb60b5f" testListId="8c84fa94-04c1-424b-9868-57a2d4851a1d" />
    <TestEntry testId="b0742137-1ce2-8da9-e496-7112edf018ab" executionId="5e007504-20e7-4837-bc30-0353ea0b2989" testListId="8c84fa94-04c1-424b-9868-57a2d4851a1d" />
    <TestEntry testId="cb98ea02-c30b-96d3-1aac-5980b064eca1" executionId="20928dda-987b-4dad-a378-7b4941e6e907" testListId="8c84fa94-04c1-424b-9868-57a2d4851a1d" />
    <TestEntry testId="ec9202a5-d30c-4b59-73bd-df98cce1f29d" executionId="87627b53-89a4-4716-83e4-941741e6a763" testListId="8c84fa94-04c1-424b-9868-57a2d4851a1d" />
  </TestEntries>
  <Results>
    <UnitTestResult executionId="9d2f50b0-1821-4893-a081-8f073cb60b5f" testId="429b76a6-6b33-4b95-29be-4a1eda9958da" testName="WhenPostParamIsNullThrowException" computerName="CORE2DUO" duration="00:00:00.1698455" startTime="2010-08-13T15:30:49.6662779-05:00" endTime="2010-08-13T15:30:50.0082975-05:00" testType="13cdc9d9-ddb5-4fa4-a97d-d965ccfc6d4b" outcome="Passed" testListId="8c84fa94-04c1-424b-9868-57a2d4851a1d" relativeResultsDirectory="9d2f50b0-1821-4893-a081-8f073cb60b5f">
    </UnitTestResult>
    <UnitTestResult executionId="5e007504-20e7-4837-bc30-0353ea0b2989" testId="b0742137-1ce2-8da9-e496-7112edf018ab" testName="CreatePostIsSuccessfulWithValidData" computerName="CORE2DUO" duration="00:00:00.0222170" startTime="2010-08-13T15:30:50.0092976-05:00" endTime="2010-08-13T15:30:50.0432995-05:00" testType="13cdc9d9-ddb5-4fa4-a97d-d965ccfc6d4b" outcome="Passed" testListId="8c84fa94-04c1-424b-9868-57a2d4851a1d" relativeResultsDirectory="5e007504-20e7-4837-bc30-0353ea0b2989">
    </UnitTestResult>
    <UnitTestResult executionId="20928dda-987b-4dad-a378-7b4941e6e907" testId="cb98ea02-c30b-96d3-1aac-5980b064eca1" testName="RetrievePostWithValidUri" computerName="CORE2DUO" duration="00:00:00.0287087" startTime="2010-08-13T15:30:50.0492998-05:00" endTime="2010-08-13T15:30:50.0933024-05:00" testType="13cdc9d9-ddb5-4fa4-a97d-d965ccfc6d4b" outcome="Passed" testListId="8c84fa94-04c1-424b-9868-57a2d4851a1d" relativeResultsDirectory="20928dda-987b-4dad-a378-7b4941e6e907">
    </UnitTestResult>
    <UnitTestResult executionId="87627b53-89a4-4716-83e4-941741e6a763" testId="ec9202a5-d30c-4b59-73bd-df98cce1f29d" testName="ShouldCreateAndRetrievePost" computerName="CORE2DUO" duration="00:00:00.0261737" startTime="2010-08-13T15:30:50.1003028-05:00" endTime="2010-08-13T15:30:50.1363048-05:00" testType="13cdc9d9-ddb5-4fa4-a97d-d965ccfc6d4b" outcome="Passed" testListId="8c84fa94-04c1-424b-9868-57a2d4851a1d" relativeResultsDirectory="87627b53-89a4-4716-83e4-941741e6a763">
    </UnitTestResult>
  </Results>
</TestRun>