<?xml version="1.0" encoding="UTF-8"?>
<TestRun id="dea8a28e-7ba8-42a2-b4d8-b5763bb391c6" name="Toran@CORE2DUO 2010-08-13 15:33:18" runUser="core2duo\Toran" xmlns="http://microsoft.com/schemas/VisualStudio/TeamTest/2010">
  <TestSettings name="Local" id="f22839a5-96ad-4c4e-931c-a066f5829364">
    <Description>These are default test settings for a local test run.</Description>
    <Deployment enabled="false" runDeploymentRoot="Toran_CORE2DUO 2010-08-13 15_33_18">
      <DeploymentItem filename="C:\Users\Toran\Documents\Visual Studio 2010\Projects\TddWithFitnesse\dependencies\Moq.dll" />
      <DeploymentItem filename="C:\Users\Toran\Documents\Visual Studio 2010\Projects\TddWithFitnesse\TddWithFitnesse\bin\TddWithFitnesse.dll" />
    </Deployment>
    <Execution>
      <TestTypeSpecific />
      <AgentRule name="Execution Agents">
      </AgentRule>
    </Execution>
  </TestSettings>
  <Times creation="2010-08-13T15:33:18.8608114-05:00" queuing="2010-08-13T15:33:18.9048139-05:00" start="2010-08-13T15:33:18.9138144-05:00" finish="2010-08-13T15:33:19.3858414-05:00" />
  <ResultSummary outcome="Failed">
    <Counters total="1" executed="1" error="0" failed="1" timeout="0" aborted="0" inconclusive="0" passedButRunAborted="0" notRunnable="0" notExecuted="0" disconnected="0" warning="0" passed="0" completed="0" inProgress="0" pending="0" />
  </ResultSummary>
  <TestDefinitions>
    <UnitTest name="WhenUriParamIsNullThrowException" storage="c:\users\toran\documents\visual studio 2010\projects\tddwithfitnesse\tddwithfitnesse.test\bin\debug\tddwithfitnesse.test.dll" id="5ede6bc8-d55d-8ea8-81a5-c3e3c6386594">
      <Execution id="21b478de-dd01-4d58-81fb-44b5b707b465" />
      <TestMethod codeBase="C:/Users/Toran/Documents/Visual Studio 2010/Projects/TddWithFitnesse/TddWithFitnesse.Test/bin/Debug/TddWithFitnesse.Test.DLL" adapterTypeName="Microsoft.VisualStudio.TestTools.TestTypes.Unit.UnitTestAdapter, Microsoft.VisualStudio.QualityTools.Tips.UnitTest.Adapter, Version=10.0.0.0, Culture=neutral, PublicKeyToken=b03f5f7f11d50a3a" className="TddWithFitnesse.Test.RetrievePostControllerTest, TddWithFitnesse.Test, Version=1.0.0.0, Culture=neutral, PublicKeyToken=null" name="WhenUriParamIsNullThrowException" />
    </UnitTest>
  </TestDefinitions>
  <TestLists>
    <TestList name="Results Not in a List" id="8c84fa94-04c1-424b-9868-57a2d4851a1d" />
    <TestList name="All Loaded Results" id="19431567-8539-422a-85d7-44ee4e166bda" />
  </TestLists>
  <TestEntries>
    <TestEntry testId="5ede6bc8-d55d-8ea8-81a5-c3e3c6386594" executionId="21b478de-dd01-4d58-81fb-44b5b707b465" testListId="8c84fa94-04c1-424b-9868-57a2d4851a1d" />
  </TestEntries>
  <Results>
    <UnitTestResult executionId="21b478de-dd01-4d58-81fb-44b5b707b465" testId="5ede6bc8-d55d-8ea8-81a5-c3e3c6386594" testName="WhenUriParamIsNullThrowException" computerName="CORE2DUO" duration="00:00:00.1253828" startTime="2010-08-13T15:33:18.9238150-05:00" endTime="2010-08-13T15:33:19.3208377-05:00" testType="13cdc9d9-ddb5-4fa4-a97d-d965ccfc6d4b" outcome="Failed" testListId="8c84fa94-04c1-424b-9868-57a2d4851a1d" relativeResultsDirectory="21b478de-dd01-4d58-81fb-44b5b707b465">
      <Output>
        <ErrorInfo>
          <Message>Test method TddWithFitnesse.Test.RetrievePostControllerTest.WhenUriParamIsNullThrowException did not throw expected exception System.ArgumentNullException. invalid uri</Message>
        </ErrorInfo>
      </Output>
    </UnitTestResult>
  </Results>
</TestRun>