<?xml version="1.0" encoding="UTF-8"?>
<TestRun id="2b7f2471-e4c1-4d68-bd5d-b0b12bfd9edc" name="Toran@CORE2DUO 2010-08-10 18:39:27" runUser="core2duo\Toran" xmlns="http://microsoft.com/schemas/VisualStudio/TeamTest/2010">
  <TestSettings name="Local" id="f22839a5-96ad-4c4e-931c-a066f5829364">
    <Description>These are default test settings for a local test run.</Description>
    <Deployment enabled="false" runDeploymentRoot="Toran_CORE2DUO 2010-08-10 18_39_27">
      <DeploymentItem filename="C:\Users\Toran\Documents\Visual Studio 2010\Projects\TddWithFitnesse\TddWithFitnesse\bin\TddWithFitnesse.dll" />
    </Deployment>
    <Execution>
      <TestTypeSpecific />
      <AgentRule name="Execution Agents">
      </AgentRule>
    </Execution>
  </TestSettings>
  <Times creation="2010-08-10T18:39:27.4959643-05:00" queuing="2010-08-10T18:39:27.5039648-05:00" start="2010-08-10T18:39:27.5259660-05:00" finish="2010-08-10T18:39:28.2440071-05:00" />
  <ResultSummary outcome="Failed">
    <Counters total="1" executed="1" error="0" failed="1" timeout="0" aborted="0" inconclusive="0" passedButRunAborted="0" notRunnable="0" notExecuted="0" disconnected="0" warning="0" passed="0" completed="0" inProgress="0" pending="0" />
  </ResultSummary>
  <TestDefinitions>
    <UnitTest name="RetrievePostWithValidUri" storage="c:\users\toran\documents\visual studio 2010\projects\tddwithfitnesse\tddwithfitnesse.test\bin\debug\tddwithfitnesse.test.dll" id="cb98ea02-c30b-96d3-1aac-5980b064eca1">
      <Execution id="73059847-6975-40a8-b4ba-e6c8757ae3b3" />
      <TestMethod codeBase="C:/Users/Toran/Documents/Visual Studio 2010/Projects/TddWithFitnesse/TddWithFitnesse.Test/bin/Debug/TddWithFitnesse.Test.DLL" adapterTypeName="Microsoft.VisualStudio.TestTools.TestTypes.Unit.UnitTestAdapter, Microsoft.VisualStudio.QualityTools.Tips.UnitTest.Adapter, Version=10.0.0.0, Culture=neutral, PublicKeyToken=b03f5f7f11d50a3a" className="TddWithFitnesse.Test.RetrievePostControllerTest, TddWithFitnesse.Test, Version=1.0.0.0, Culture=neutral, PublicKeyToken=null" name="RetrievePostWithValidUri" />
    </UnitTest>
  </TestDefinitions>
  <TestLists>
    <TestList name="Results Not in a List" id="8c84fa94-04c1-424b-9868-57a2d4851a1d" />
    <TestList name="All Loaded Results" id="19431567-8539-422a-85d7-44ee4e166bda" />
  </TestLists>
  <TestEntries>
    <TestEntry testId="cb98ea02-c30b-96d3-1aac-5980b064eca1" executionId="73059847-6975-40a8-b4ba-e6c8757ae3b3" testListId="8c84fa94-04c1-424b-9868-57a2d4851a1d" />
  </TestEntries>
  <Results>
    <UnitTestResult executionId="73059847-6975-40a8-b4ba-e6c8757ae3b3" testId="cb98ea02-c30b-96d3-1aac-5980b064eca1" testName="RetrievePostWithValidUri" computerName="CORE2DUO" duration="00:00:00.0536903" startTime="2010-08-10T18:39:27.5279661-05:00" endTime="2010-08-10T18:39:27.8999874-05:00" testType="13cdc9d9-ddb5-4fa4-a97d-d965ccfc6d4b" outcome="Failed" testListId="8c84fa94-04c1-424b-9868-57a2d4851a1d" relativeResultsDirectory="73059847-6975-40a8-b4ba-e6c8757ae3b3">
      <Output>
        <ErrorInfo>
          <Message>Assert.AreEqual failed. Expected:&lt;(null)&gt;. Actual:&lt;test&gt;. </Message>
          <StackTrace>   at TddWithFitnesse.Test.RetrievePostControllerTest.RetrievePostWithValidUri() in C:\Users\Toran\Documents\Visual Studio 2010\Projects\TddWithFitnesse\TddWithFitnesse.Test\RetrievePostControllerTest.cs:line 26
</StackTrace>
        </ErrorInfo>
      </Output>
    </UnitTestResult>
  </Results>
</TestRun>