<?xml version="1.0" encoding="UTF-8"?>
<TestRun id="7dabe53c-4166-44cf-8a3d-f4f735756c1d" name="Toran@CORE2DUO 2010-08-15 10:17:39" runUser="Core2Duo\Toran" xmlns="http://microsoft.com/schemas/VisualStudio/TeamTest/2010">
  <TestSettings name="Local" id="f22839a5-96ad-4c4e-931c-a066f5829364">
    <Description>These are default test settings for a local test run.</Description>
    <Deployment enabled="false" runDeploymentRoot="Toran_CORE2DUO 2010-08-15 10_17_39">
      <DeploymentItem filename="C:\Users\Toran\Documents\Visual Studio 2010\Projects\TddWithFitnesse\dependencies\Moq.dll" />
      <DeploymentItem filename="C:\Users\Toran\Documents\Visual Studio 2010\Projects\TddWithFitnesse\TddWithFitnesse\bin\TddWithFitnesse.dll" />
    </Deployment>
    <Execution>
      <TestTypeSpecific />
      <AgentRule name="Execution Agents">
      </AgentRule>
    </Execution>
  </TestSettings>
  <Times creation="2010-08-15T10:17:39.9164578-05:00" queuing="2010-08-15T10:17:40.4024856-05:00" start="2010-08-15T10:17:40.5804958-05:00" finish="2010-08-15T10:17:42.9496313-05:00" />
  <ResultSummary outcome="Completed">
    <Counters total="6" executed="6" passed="6" error="0" failed="0" timeout="0" aborted="0" inconclusive="0" passedButRunAborted="0" notRunnable="0" notExecuted="0" disconnected="0" warning="0" completed="0" inProgress="0" pending="0" />
  </ResultSummary>
  <TestDefinitions>
    <UnitTest name="ShouldCreateAndRetrievePost" storage="c:\users\toran\documents\visual studio 2010\projects\tddwithfitnesse\tddwithfitnesse.test\bin\debug\tddwithfitnesse.test.dll" id="ec9202a5-d30c-4b59-73bd-df98cce1f29d">
      <Execution id="4113de3f-fbc5-4539-bfa4-56d2aa15957f" />
      <TestMethod codeBase="C:/Users/Toran/Documents/Visual Studio 2010/Projects/TddWithFitnesse/TddWithFitnesse.Test/bin/Debug/TddWithFitnesse.Test.DLL" adapterTypeName="Microsoft.VisualStudio.TestTools.TestTypes.Unit.UnitTestAdapter, Microsoft.VisualStudio.QualityTools.Tips.UnitTest.Adapter, Version=10.0.0.0, Culture=neutral, PublicKeyToken=b03f5f7f11d50a3a" className="TddWithFitnesse.Test.PostRepositoryTest, TddWithFitnesse.Test, Version=1.0.0.0, Culture=neutral, PublicKeyToken=null" name="ShouldCreateAndRetrievePost" />
    </UnitTest>
    <UnitTest name="WhenUriParamIsNullThrowException" storage="c:\users\toran\documents\visual studio 2010\projects\tddwithfitnesse\tddwithfitnesse.test\bin\debug\tddwithfitnesse.test.dll" id="5ede6bc8-d55d-8ea8-81a5-c3e3c6386594">
      <Execution id="f926dfdf-0338-49d4-aca9-5e36dd9a13d8" />
      <TestMethod codeBase="C:/Users/Toran/Documents/Visual Studio 2010/Projects/TddWithFitnesse/TddWithFitnesse.Test/bin/Debug/TddWithFitnesse.Test.DLL" adapterTypeName="Microsoft.VisualStudio.TestTools.TestTypes.Unit.UnitTestAdapter, Microsoft.VisualStudio.QualityTools.Tips.UnitTest.Adapter, Version=10.0.0.0, Culture=neutral, PublicKeyToken=b03f5f7f11d50a3a" className="TddWithFitnesse.Test.RetrievePostControllerTest, TddWithFitnesse.Test, Version=1.0.0.0, Culture=neutral, PublicKeyToken=null" name="WhenUriParamIsNullThrowException" />
    </UnitTest>
    <UnitTest name="CreatePostIsSuccessfulWithValidData" storage="c:\users\toran\documents\visual studio 2010\projects\tddwithfitnesse\tddwithfitnesse.test\bin\debug\tddwithfitnesse.test.dll" id="b0742137-1ce2-8da9-e496-7112edf018ab">
      <Execution id="ff624076-1342-4cb1-b015-030c17b38dae" />
      <TestMethod codeBase="C:/Users/Toran/Documents/Visual Studio 2010/Projects/TddWithFitnesse/TddWithFitnesse.Test/bin/Debug/TddWithFitnesse.Test.DLL" adapterTypeName="Microsoft.VisualStudio.TestTools.TestTypes.Unit.UnitTestAdapter, Microsoft.VisualStudio.QualityTools.Tips.UnitTest.Adapter, Version=10.0.0.0, Culture=neutral, PublicKeyToken=b03f5f7f11d50a3a" className="TddWithFitnesse.Test.CreatePostControllerTest, TddWithFitnesse.Test, Version=1.0.0.0, Culture=neutral, PublicKeyToken=null" name="CreatePostIsSuccessfulWithValidData" />
    </UnitTest>
    <UnitTest name="RetrievePostWithValidUri" storage="c:\users\toran\documents\visual studio 2010\projects\tddwithfitnesse\tddwithfitnesse.test\bin\debug\tddwithfitnesse.test.dll" id="cb98ea02-c30b-96d3-1aac-5980b064eca1">
      <Execution id="43aafa64-05ea-4adc-9aae-21478190554f" />
      <TestMethod codeBase="C:/Users/Toran/Documents/Visual Studio 2010/Projects/TddWithFitnesse/TddWithFitnesse.Test/bin/Debug/TddWithFitnesse.Test.DLL" adapterTypeName="Microsoft.VisualStudio.TestTools.TestTypes.Unit.UnitTestAdapter, Microsoft.VisualStudio.QualityTools.Tips.UnitTest.Adapter, Version=10.0.0.0, Culture=neutral, PublicKeyToken=b03f5f7f11d50a3a" className="TddWithFitnesse.Test.RetrievePostControllerTest, TddWithFitnesse.Test, Version=1.0.0.0, Culture=neutral, PublicKeyToken=null" name="RetrievePostWithValidUri" />
    </UnitTest>
    <UnitTest name="WhenUriIsNotFoundReturnNewPostObject" storage="c:\users\toran\documents\visual studio 2010\projects\tddwithfitnesse\tddwithfitnesse.test\bin\debug\tddwithfitnesse.test.dll" id="39d53a3e-4dd1-febb-2629-439ac1ee83ed">
      <Execution id="093f6de7-ccda-4695-bb42-302ab0bf0046" />
      <TestMethod codeBase="C:/Users/Toran/Documents/Visual Studio 2010/Projects/TddWithFitnesse/TddWithFitnesse.Test/bin/Debug/TddWithFitnesse.Test.DLL" adapterTypeName="Microsoft.VisualStudio.TestTools.TestTypes.Unit.UnitTestAdapter, Microsoft.VisualStudio.QualityTools.Tips.UnitTest.Adapter, Version=10.0.0.0, Culture=neutral, PublicKeyToken=b03f5f7f11d50a3a" className="TddWithFitnesse.Test.RetrievePostControllerTest, TddWithFitnesse.Test, Version=1.0.0.0, Culture=neutral, PublicKeyToken=null" name="WhenUriIsNotFoundReturnNewPostObject" />
    </UnitTest>
    <UnitTest name="WhenPostParamIsNullThrowException" storage="c:\users\toran\documents\visual studio 2010\projects\tddwithfitnesse\tddwithfitnesse.test\bin\debug\tddwithfitnesse.test.dll" id="429b76a6-6b33-4b95-29be-4a1eda9958da">
      <Execution id="21c3e45d-461a-486f-ba6c-84a5fb85f8a0" />
      <TestMethod codeBase="C:/Users/Toran/Documents/Visual Studio 2010/Projects/TddWithFitnesse/TddWithFitnesse.Test/bin/Debug/TddWithFitnesse.Test.DLL" adapterTypeName="Microsoft.VisualStudio.TestTools.TestTypes.Unit.UnitTestAdapter, Microsoft.VisualStudio.QualityTools.Tips.UnitTest.Adapter, Version=10.0.0.0, Culture=neutral, PublicKeyToken=b03f5f7f11d50a3a" className="TddWithFitnesse.Test.CreatePostControllerTest, TddWithFitnesse.Test, Version=1.0.0.0, Culture=neutral, PublicKeyToken=null" name="WhenPostParamIsNullThrowException" />
    </UnitTest>
  </TestDefinitions>
  <TestLists>
    <TestList name="Results Not in a List" id="8c84fa94-04c1-424b-9868-57a2d4851a1d" />
    <TestList name="All Loaded Results" id="19431567-8539-422a-85d7-44ee4e166bda" />
  </TestLists>
  <TestEntries>
    <TestEntry testId="39d53a3e-4dd1-febb-2629-439ac1ee83ed" executionId="093f6de7-ccda-4695-bb42-302ab0bf0046" testListId="8c84fa94-04c1-424b-9868-57a2d4851a1d" />
    <TestEntry testId="429b76a6-6b33-4b95-29be-4a1eda9958da" executionId="21c3e45d-461a-486f-ba6c-84a5fb85f8a0" testListId="8c84fa94-04c1-424b-9868-57a2d4851a1d" />
    <TestEntry testId="5ede6bc8-d55d-8ea8-81a5-c3e3c6386594" executionId="f926dfdf-0338-49d4-aca9-5e36dd9a13d8" testListId="8c84fa94-04c1-424b-9868-57a2d4851a1d" />
    <TestEntry testId="b0742137-1ce2-8da9-e496-7112edf018ab" executionId="ff624076-1342-4cb1-b015-030c17b38dae" testListId="8c84fa94-04c1-424b-9868-57a2d4851a1d" />
    <TestEntry testId="cb98ea02-c30b-96d3-1aac-5980b064eca1" executionId="43aafa64-05ea-4adc-9aae-21478190554f" testListId="8c84fa94-04c1-424b-9868-57a2d4851a1d" />
    <TestEntry testId="ec9202a5-d30c-4b59-73bd-df98cce1f29d" executionId="4113de3f-fbc5-4539-bfa4-56d2aa15957f" testListId="8c84fa94-04c1-424b-9868-57a2d4851a1d" />
  </TestEntries>
  <Results>
    <UnitTestResult executionId="093f6de7-ccda-4695-bb42-302ab0bf0046" testId="39d53a3e-4dd1-febb-2629-439ac1ee83ed" testName="WhenUriIsNotFoundReturnNewPostObject" computerName="CORE2DUO" duration="00:00:00.2595811" startTime="2010-08-15T10:17:40.6865019-05:00" endTime="2010-08-15T10:17:41.1645292-05:00" testType="13cdc9d9-ddb5-4fa4-a97d-d965ccfc6d4b" outcome="Passed" testListId="8c84fa94-04c1-424b-9868-57a2d4851a1d" relativeResultsDirectory="093f6de7-ccda-4695-bb42-302ab0bf0046">
    </UnitTestResult>
    <UnitTestResult executionId="21c3e45d-461a-486f-ba6c-84a5fb85f8a0" testId="429b76a6-6b33-4b95-29be-4a1eda9958da" testName="WhenPostParamIsNullThrowException" computerName="CORE2DUO" duration="00:00:00.0049351" startTime="2010-08-15T10:17:41.1785300-05:00" endTime="2010-08-15T10:17:41.1895307-05:00" testType="13cdc9d9-ddb5-4fa4-a97d-d965ccfc6d4b" outcome="Passed" testListId="8c84fa94-04c1-424b-9868-57a2d4851a1d" relativeResultsDirectory="21c3e45d-461a-486f-ba6c-84a5fb85f8a0">
    </UnitTestResult>
    <UnitTestResult executionId="f926dfdf-0338-49d4-aca9-5e36dd9a13d8" testId="5ede6bc8-d55d-8ea8-81a5-c3e3c6386594" testName="WhenUriParamIsNullThrowException" computerName="CORE2DUO" duration="00:00:00.0008407" startTime="2010-08-15T10:17:41.1895307-05:00" endTime="2010-08-15T10:17:41.2025314-05:00" testType="13cdc9d9-ddb5-4fa4-a97d-d965ccfc6d4b" outcome="Passed" testListId="8c84fa94-04c1-424b-9868-57a2d4851a1d" relativeResultsDirectory="f926dfdf-0338-49d4-aca9-5e36dd9a13d8">
    </UnitTestResult>
    <UnitTestResult executionId="ff624076-1342-4cb1-b015-030c17b38dae" testId="b0742137-1ce2-8da9-e496-7112edf018ab" testName="CreatePostIsSuccessfulWithValidData" computerName="CORE2DUO" duration="00:00:00.0110089" startTime="2010-08-15T10:17:41.2115319-05:00" endTime="2010-08-15T10:17:41.2315331-05:00" testType="13cdc9d9-ddb5-4fa4-a97d-d965ccfc6d4b" outcome="Passed" testListId="8c84fa94-04c1-424b-9868-57a2d4851a1d" relativeResultsDirectory="ff624076-1342-4cb1-b015-030c17b38dae">
    </UnitTestResult>
    <UnitTestResult executionId="43aafa64-05ea-4adc-9aae-21478190554f" testId="cb98ea02-c30b-96d3-1aac-5980b064eca1" testName="RetrievePostWithValidUri" computerName="CORE2DUO" duration="00:00:00.0052484" startTime="2010-08-15T10:17:41.2385335-05:00" endTime="2010-08-15T10:17:41.2535343-05:00" testType="13cdc9d9-ddb5-4fa4-a97d-d965ccfc6d4b" outcome="Passed" testListId="8c84fa94-04c1-424b-9868-57a2d4851a1d" relativeResultsDirectory="43aafa64-05ea-4adc-9aae-21478190554f">
    </UnitTestResult>
    <UnitTestResult executionId="4113de3f-fbc5-4539-bfa4-56d2aa15957f" testId="ec9202a5-d30c-4b59-73bd-df98cce1f29d" testName="ShouldCreateAndRetrievePost" computerName="CORE2DUO" duration="00:00:00.0688003" startTime="2010-08-15T10:17:41.2605347-05:00" endTime="2010-08-15T10:17:41.3345389-05:00" testType="13cdc9d9-ddb5-4fa4-a97d-d965ccfc6d4b" outcome="Passed" testListId="8c84fa94-04c1-424b-9868-57a2d4851a1d" relativeResultsDirectory="4113de3f-fbc5-4539-bfa4-56d2aa15957f">
    </UnitTestResult>
  </Results>
</TestRun>